This file contains any messages produced by compilers while
running configure, to aid debugging if configure makes a mistake.

It was created by dtalk configure 0.1, which was
generated by GNU Autoconf 2.68.  Invocation command line was

  $ ./configure --prefix=/home/louxiu/project/dtalk/install

## --------- ##
## Platform. ##
## --------- ##

hostname = louxiu
uname -m = i686
uname -r = 3.7.10-gentoo
uname -s = Linux
uname -v = #2 SMP Fri Mar 8 10:39:29 CST 2013

/usr/bin/uname -p = Intel(R) Core(TM)2 Duo CPU T5750 @ 2.00GHz
/bin/uname -X     = unknown

/bin/arch              = unknown
/usr/bin/arch -k       = unknown
/usr/convex/getsysinfo = unknown
/usr/bin/hostinfo      = unknown
/bin/machine           = unknown
/usr/bin/oslevel       = unknown
/bin/universe          = unknown

PATH: /usr/local/bin
PATH: /usr/bin
PATH: /bin
PATH: /opt/bin
PATH: /usr/i686-pc-linux-gnu/gcc-bin/4.4.5
PATH: /home/louxiu/Dropbox/Source code/XIU/source/c
PATH: /home/louxiu/Dropbox/Source code/XIU/source/py
PATH: /home/louxiu/Dropbox/Source code/XIU/source/sh
PATH: /lou/texlive/bin/i386-linux
PATH: /usr/games/bin/
PATH: /lou/matlab/bin


## ----------- ##
## Core tests. ##
## ----------- ##

configure:1936: checking for a BSD-compatible install
configure:2004: result: /usr/bin/install -c
configure:2015: checking whether build environment is sane
configure:2070: result: yes
configure:2221: checking for a thread-safe mkdir -p
configure:2260: result: /bin/mkdir -p
configure:2267: checking for gawk
configure:2283: found /usr/bin/gawk
configure:2294: result: gawk
configure:2305: checking whether make sets $(MAKE)
configure:2327: result: yes
configure:2431: checking for style of include used by make
configure:2459: result: GNU
configure:2530: checking for gcc
configure:2546: found /usr/bin/gcc
configure:2557: result: gcc
configure:2786: checking for C compiler version
configure:2795: gcc --version >&5
gcc (Gentoo 4.5.4 p1.0, pie-0.4.7) 4.5.4
Copyright (C) 2010 Free Software Foundation, Inc.
This is free software; see the source for copying conditions.  There is NO
warranty; not even for MERCHANTABILITY or FITNESS FOR A PARTICULAR PURPOSE.

configure:2806: $? = 0
configure:2795: gcc -v >&5
Using built-in specs.
COLLECT_GCC=/usr/i686-pc-linux-gnu/gcc-bin/4.5.4/gcc
COLLECT_LTO_WRAPPER=/usr/libexec/gcc/i686-pc-linux-gnu/4.5.4/lto-wrapper
Target: i686-pc-linux-gnu
Configured with: /var/tmp/portage/sys-devel/gcc-4.5.4/work/gcc-4.5.4/configure --prefix=/usr --bindir=/usr/i686-pc-linux-gnu/gcc-bin/4.5.4 --includedir=/usr/lib/gcc/i686-pc-linux-gnu/4.5.4/include --datadir=/usr/share/gcc-data/i686-pc-linux-gnu/4.5.4 --mandir=/usr/share/gcc-data/i686-pc-linux-gnu/4.5.4/man --infodir=/usr/share/gcc-data/i686-pc-linux-gnu/4.5.4/info --with-gxx-include-dir=/usr/lib/gcc/i686-pc-linux-gnu/4.5.4/include/g++-v4 --host=i686-pc-linux-gnu --build=i686-pc-linux-gnu --disable-altivec --disable-fixed-point --without-ppl --without-cloog --disable-lto --enable-nls --without-included-gettext --with-system-zlib --enable-obsolete --disable-werror --enable-secureplt --disable-multilib --enable-libmudflap --disable-libssp --enable-libgomp --with-python-dir=/share/gcc-data/i686-pc-linux-gnu/4.5.4/python --enable-checking=release --disable-libgcj --with-arch=i686 --enable-languages=c,c++,fortran --enable-shared --enable-threads=posix --enable-__cxa_atexit --enable-clocale=gnu --enable-targets=all --with-bugurl=http://bugs.gentoo.org/ --with-pkgversion='Gentoo 4.5.4 p1.0, pie-0.4.7'
Thread model: posix
gcc version 4.5.4 (Gentoo 4.5.4 p1.0, pie-0.4.7) 
configure:2806: $? = 0
configure:2795: gcc -V >&5
gcc: '-V' option must have argument
configure:2806: $? = 1
configure:2795: gcc -qversion >&5
gcc: unrecognized option '-qversion'
gcc: no input files
configure:2806: $? = 1
configure:2826: checking whether the C compiler works
configure:2848: gcc    conftest.c  >&5
configure:2852: $? = 0
configure:2900: result: yes
configure:2903: checking for C compiler default output file name
configure:2905: result: a.out
configure:2911: checking for suffix of executables
configure:2918: gcc -o conftest    conftest.c  >&5
configure:2922: $? = 0
configure:2944: result: 
configure:2966: checking whether we are cross compiling
configure:2974: gcc -o conftest    conftest.c  >&5
configure:2978: $? = 0
configure:2985: ./conftest
configure:2989: $? = 0
configure:3004: result: no
configure:3009: checking for suffix of object files
configure:3031: gcc -c   conftest.c >&5
configure:3035: $? = 0
configure:3056: result: o
configure:3060: checking whether we are using the GNU C compiler
configure:3079: gcc -c   conftest.c >&5
configure:3079: $? = 0
configure:3088: result: yes
configure:3097: checking whether gcc accepts -g
configure:3117: gcc -c -g  conftest.c >&5
configure:3117: $? = 0
configure:3158: result: yes
configure:3175: checking for gcc option to accept ISO C89
configure:3239: gcc  -c -g -O2  conftest.c >&5
configure:3239: $? = 0
configure:3252: result: none needed
configure:3274: checking dependency style of gcc
configure:3385: result: gcc3
configure:3401: checking for library containing pthread_create
configure:3432: gcc -o conftest -g -O2   conftest.c  >&5
/tmp/cc1n1rsX.o: In function `main':
/home/louxiu/project/dtalk/conftest.c:22: undefined reference to `pthread_create'
collect2: ld returned 1 exit status
configure:3432: $? = 1
configure: failed program was:
| /* confdefs.h */
| #define PACKAGE_NAME "dtalk"
| #define PACKAGE_TARNAME "dtalk"
| #define PACKAGE_VERSION "0.1"
| #define PACKAGE_STRING "dtalk 0.1"
| #define PACKAGE_BUGREPORT ""
| #define PACKAGE_URL ""
| #define PACKAGE "dtalk"
| #define VERSION "0.1"
| /* end confdefs.h.  */
| 
| /* Override any GCC internal prototype to avoid an error.
|    Use char because int might match the return type of a GCC
|    builtin and then its argument prototype would still apply.  */
| #ifdef __cplusplus
| extern "C"
| #endif
| char pthread_create ();
| int
| main ()
| {
| return pthread_create ();
|   ;
|   return 0;
| }
configure:3432: gcc -o conftest -g -O2   conftest.c -lpthread   >&5
configure:3432: $? = 0
configure:3449: result: -lpthread
configure:3459: checking for library containing dlopen
configure:3490: gcc -o conftest -g -O2   conftest.c -lpthread  >&5
/tmp/cc3igSY3.o: In function `main':
/home/louxiu/project/dtalk/conftest.c:22: undefined reference to `dlopen'
collect2: ld returned 1 exit status
configure:3490: $? = 1
configure: failed program was:
| /* confdefs.h */
| #define PACKAGE_NAME "dtalk"
| #define PACKAGE_TARNAME "dtalk"
| #define PACKAGE_VERSION "0.1"
| #define PACKAGE_STRING "dtalk 0.1"
| #define PACKAGE_BUGREPORT ""
| #define PACKAGE_URL ""
| #define PACKAGE "dtalk"
| #define VERSION "0.1"
| /* end confdefs.h.  */
| 
| /* Override any GCC internal prototype to avoid an error.
|    Use char because int might match the return type of a GCC
|    builtin and then its argument prototype would still apply.  */
| #ifdef __cplusplus
| extern "C"
| #endif
| char dlopen ();
| int
| main ()
| {
| return dlopen ();
|   ;
|   return 0;
| }
configure:3490: gcc -o conftest -g -O2   conftest.c -ldl  -lpthread  >&5
configure:3490: $? = 0
configure:3507: result: -ldl
configure:3517: checking for library containing sqlite3_open
configure:3548: gcc -o conftest -g -O2   conftest.c -ldl -lpthread  >&5
/tmp/cc5756zd.o: In function `main':
/home/louxiu/project/dtalk/conftest.c:22: undefined reference to `sqlite3_open'
collect2: ld returned 1 exit status
configure:3548: $? = 1
configure: failed program was:
| /* confdefs.h */
| #define PACKAGE_NAME "dtalk"
| #define PACKAGE_TARNAME "dtalk"
| #define PACKAGE_VERSION "0.1"
| #define PACKAGE_STRING "dtalk 0.1"
| #define PACKAGE_BUGREPORT ""
| #define PACKAGE_URL ""
| #define PACKAGE "dtalk"
| #define VERSION "0.1"
| /* end confdefs.h.  */
| 
| /* Override any GCC internal prototype to avoid an error.
|    Use char because int might match the return type of a GCC
|    builtin and then its argument prototype would still apply.  */
| #ifdef __cplusplus
| extern "C"
| #endif
| char sqlite3_open ();
| int
| main ()
| {
| return sqlite3_open ();
|   ;
|   return 0;
| }
configure:3548: gcc -o conftest -g -O2   conftest.c -lsqlite3  -ldl -lpthread  >&5
configure:3548: $? = 0
configure:3565: result: -lsqlite3
configure:3627: checking for gcc
configure:3654: result: gcc
configure:3883: checking for C compiler version
configure:3892: gcc --version >&5
gcc (Gentoo 4.5.4 p1.0, pie-0.4.7) 4.5.4
Copyright (C) 2010 Free Software Foundation, Inc.
This is free software; see the source for copying conditions.  There is NO
warranty; not even for MERCHANTABILITY or FITNESS FOR A PARTICULAR PURPOSE.

configure:3903: $? = 0
configure:3892: gcc -v >&5
Using built-in specs.
COLLECT_GCC=/usr/i686-pc-linux-gnu/gcc-bin/4.5.4/gcc
COLLECT_LTO_WRAPPER=/usr/libexec/gcc/i686-pc-linux-gnu/4.5.4/lto-wrapper
Target: i686-pc-linux-gnu
Configured with: /var/tmp/portage/sys-devel/gcc-4.5.4/work/gcc-4.5.4/configure --prefix=/usr --bindir=/usr/i686-pc-linux-gnu/gcc-bin/4.5.4 --includedir=/usr/lib/gcc/i686-pc-linux-gnu/4.5.4/include --datadir=/usr/share/gcc-data/i686-pc-linux-gnu/4.5.4 --mandir=/usr/share/gcc-data/i686-pc-linux-gnu/4.5.4/man --infodir=/usr/share/gcc-data/i686-pc-linux-gnu/4.5.4/info --with-gxx-include-dir=/usr/lib/gcc/i686-pc-linux-gnu/4.5.4/include/g++-v4 --host=i686-pc-linux-gnu --build=i686-pc-linux-gnu --disable-altivec --disable-fixed-point --without-ppl --without-cloog --disable-lto --enable-nls --without-included-gettext --with-system-zlib --enable-obsolete --disable-werror --enable-secureplt --disable-multilib --enable-libmudflap --disable-libssp --enable-libgomp --with-python-dir=/share/gcc-data/i686-pc-linux-gnu/4.5.4/python --enable-checking=release --disable-libgcj --with-arch=i686 --enable-languages=c,c++,fortran --enable-shared --enable-threads=posix --enable-__cxa_atexit --enable-clocale=gnu --enable-targets=all --with-bugurl=http://bugs.gentoo.org/ --with-pkgversion='Gentoo 4.5.4 p1.0, pie-0.4.7'
Thread model: posix
gcc version 4.5.4 (Gentoo 4.5.4 p1.0, pie-0.4.7) 
configure:3903: $? = 0
configure:3892: gcc -V >&5
gcc: '-V' option must have argument
configure:3903: $? = 1
configure:3892: gcc -qversion >&5
gcc: unrecognized option '-qversion'
gcc: no input files
configure:3903: $? = 1
configure:3907: checking whether we are using the GNU C compiler
configure:3935: result: yes
configure:3944: checking whether gcc accepts -g
configure:4005: result: yes
configure:4022: checking for gcc option to accept ISO C89
configure:4099: result: none needed
configure:4121: checking dependency style of gcc
configure:4232: result: gcc3
configure:4249: checking whether gcc and cc understand -c and -o together
configure:4280: gcc -c conftest.c -o conftest2.o >&5
configure:4284: $? = 0
configure:4290: gcc -c conftest.c -o conftest2.o >&5
configure:4294: $? = 0
configure:4305: cc -c conftest.c >&5
configure:4309: $? = 0
configure:4317: cc -c conftest.c -o conftest2.o >&5
configure:4321: $? = 0
configure:4327: cc -c conftest.c -o conftest2.o >&5
configure:4331: $? = 0
configure:4349: result: yes
configure:4375: checking for library containing strerror
configure:4406: gcc -o conftest -g -O2   conftest.c -lsqlite3 -ldl -lpthread  >&5
configure:4406: $? = 0
configure:4423: result: none required
configure:4436: checking how to run the C preprocessor
configure:4467: gcc -E  conftest.c
configure:4467: $? = 0
configure:4481: gcc -E  conftest.c
conftest.c:11:28: fatal error: ac_nonexistent.h: No such file or directory
compilation terminated.
configure:4481: $? = 1
configure: failed program was:
| /* confdefs.h */
| #define PACKAGE_NAME "dtalk"
| #define PACKAGE_TARNAME "dtalk"
| #define PACKAGE_VERSION "0.1"
| #define PACKAGE_STRING "dtalk 0.1"
| #define PACKAGE_BUGREPORT ""
| #define PACKAGE_URL ""
| #define PACKAGE "dtalk"
| #define VERSION "0.1"
| /* end confdefs.h.  */
| #include <ac_nonexistent.h>
configure:4506: result: gcc -E
configure:4526: gcc -E  conftest.c
configure:4526: $? = 0
configure:4540: gcc -E  conftest.c
conftest.c:11:28: fatal error: ac_nonexistent.h: No such file or directory
compilation terminated.
configure:4540: $? = 1
configure: failed program was:
| /* confdefs.h */
| #define PACKAGE_NAME "dtalk"
| #define PACKAGE_TARNAME "dtalk"
| #define PACKAGE_VERSION "0.1"
| #define PACKAGE_STRING "dtalk 0.1"
| #define PACKAGE_BUGREPORT ""
| #define PACKAGE_URL ""
| #define PACKAGE "dtalk"
| #define VERSION "0.1"
| /* end confdefs.h.  */
| #include <ac_nonexistent.h>
configure:4569: checking for grep that handles long lines and -e
configure:4627: result: /bin/grep
configure:4632: checking for egrep
configure:4694: result: /bin/grep -E
configure:4699: checking for ANSI C header files
configure:4719: gcc -c -g -O2  conftest.c >&5
configure:4719: $? = 0
configure:4792: gcc -o conftest -g -O2   conftest.c -lsqlite3 -ldl -lpthread  >&5
configure:4792: $? = 0
configure:4792: ./conftest
configure:4792: $? = 0
configure:4803: result: yes
configure:4921: checking that generated files are newer than configure
configure:4927: result: done
configure:4954: creating ./config.status

## ---------------------- ##
## Running config.status. ##
## ---------------------- ##

This file was extended by dtalk config.status 0.1, which was
generated by GNU Autoconf 2.68.  Invocation command line was

  CONFIG_FILES    = 
  CONFIG_HEADERS  = 
  CONFIG_LINKS    = 
  CONFIG_COMMANDS = 
  $ ./config.status 

on louxiu

config.status:853: creating Makefile
config.status:853: creating src/dtalk_s/Makefile
config.status:853: creating src/dtalk_c/Makefile
config.status:853: creating config.h
config.status:1034: config.h is unchanged
config.status:1082: executing depfiles commands

## ---------------- ##
## Cache variables. ##
## ---------------- ##

ac_cv_c_compiler_gnu=yes
ac_cv_env_CC_set=
ac_cv_env_CC_value=
ac_cv_env_CFLAGS_set=
ac_cv_env_CFLAGS_value=
ac_cv_env_CPPFLAGS_set=
ac_cv_env_CPPFLAGS_value=
ac_cv_env_CPP_set=
ac_cv_env_CPP_value=
ac_cv_env_LDFLAGS_set=
ac_cv_env_LDFLAGS_value=
ac_cv_env_LIBS_set=
ac_cv_env_LIBS_value=
ac_cv_env_build_alias_set=
ac_cv_env_build_alias_value=
ac_cv_env_host_alias_set=
ac_cv_env_host_alias_value=
ac_cv_env_target_alias_set=
ac_cv_env_target_alias_value=
ac_cv_header_stdc=yes
ac_cv_objext=o
ac_cv_path_EGREP='/bin/grep -E'
ac_cv_path_GREP=/bin/grep
ac_cv_path_install='/usr/bin/install -c'
ac_cv_path_mkdir=/bin/mkdir
ac_cv_prog_AWK=gawk
ac_cv_prog_CPP='gcc -E'
ac_cv_prog_ac_ct_CC=gcc
ac_cv_prog_cc_c89=
ac_cv_prog_cc_g=yes
ac_cv_prog_cc_gcc_c_o=yes
ac_cv_prog_make_make_set=yes
ac_cv_search_dlopen=-ldl
ac_cv_search_pthread_create=-lpthread
ac_cv_search_sqlite3_open=-lsqlite3
ac_cv_search_strerror='none required'
am_cv_CC_dependencies_compiler_type=gcc3

## ----------------- ##
## Output variables. ##
## ----------------- ##

ACLOCAL='${SHELL} /home/louxiu/project/dtalk/missing --run aclocal-1.12'
AMDEPBACKSLASH='\'
AMDEP_FALSE='#'
AMDEP_TRUE=''
AMTAR='$${TAR-tar}'
AUTOCONF='${SHELL} /home/louxiu/project/dtalk/missing --run autoconf'
AUTOHEADER='${SHELL} /home/louxiu/project/dtalk/missing --run autoheader'
AUTOMAKE='${SHELL} /home/louxiu/project/dtalk/missing --run automake-1.12'
AWK='gawk'
CC='gcc'
CCDEPMODE='depmode=gcc3'
CFLAGS='-g -O2'
CPP='gcc -E'
CPPFLAGS=''
CYGPATH_W='echo'
DEFS='-DHAVE_CONFIG_H'
DEPDIR='.deps'
ECHO_C=''
ECHO_N='-n'
ECHO_T=''
EGREP='/bin/grep -E'
EXEEXT=''
GREP='/bin/grep'
INSTALL_DATA='${INSTALL} -m 644'
INSTALL_PROGRAM='${INSTALL}'
INSTALL_SCRIPT='${INSTALL}'
INSTALL_STRIP_PROGRAM='$(install_sh) -c -s'
LDFLAGS=''
LIBOBJS=''
LIBS='-lsqlite3 -ldl -lpthread '
LTLIBOBJS=''
MAKEINFO='${SHELL} /home/louxiu/project/dtalk/missing --run makeinfo'
MKDIR_P='/bin/mkdir -p'
OBJEXT='o'
PACKAGE='dtalk'
PACKAGE_BUGREPORT=''
PACKAGE_NAME='dtalk'
PACKAGE_STRING='dtalk 0.1'
PACKAGE_TARNAME='dtalk'
PACKAGE_URL=''
PACKAGE_VERSION='0.1'
PATH_SEPARATOR=':'
SET_MAKE=''
SHELL='/bin/sh'
STRIP=''
VERSION='0.1'
ac_ct_CC='gcc'
am__EXEEXT_FALSE=''
am__EXEEXT_TRUE='#'
am__fastdepCC_FALSE='#'
am__fastdepCC_TRUE=''
am__include='include'
am__isrc=''
am__leading_dot='.'
am__nodep='_no'
am__quote=''
am__tar='$${TAR-tar} chof - "$$tardir"'
am__untar='$${TAR-tar} xf -'
bindir='${exec_prefix}/bin'
build_alias=''
datadir='${datarootdir}'
datarootdir='${prefix}/share'
docdir='${datarootdir}/doc/${PACKAGE_TARNAME}'
dvidir='${docdir}'
exec_prefix='${prefix}'
host_alias=''
htmldir='${docdir}'
includedir='${prefix}/include'
infodir='${datarootdir}/info'
install_sh='${SHELL} /home/louxiu/project/dtalk/install-sh'
libdir='${exec_prefix}/lib'
libexecdir='${exec_prefix}/libexec'
localedir='${datarootdir}/locale'
localstatedir='${prefix}/var'
mandir='${datarootdir}/man'
mkdir_p='$(MKDIR_P)'
oldincludedir='/usr/include'
pdfdir='${docdir}'
prefix='/home/louxiu/project/dtalk/install'
program_transform_name='s,x,x,'
psdir='${docdir}'
sbindir='${exec_prefix}/sbin'
sharedstatedir='${prefix}/com'
sysconfdir='${prefix}/etc'
target_alias=''

## ----------- ##
## confdefs.h. ##
## ----------- ##

/* confdefs.h */
#define PACKAGE_NAME "dtalk"
#define PACKAGE_TARNAME "dtalk"
#define PACKAGE_VERSION "0.1"
#define PACKAGE_STRING "dtalk 0.1"
#define PACKAGE_BUGREPORT ""
#define PACKAGE_URL ""
#define PACKAGE "dtalk"
#define VERSION "0.1"
#define STDC_HEADERS 1

configure: exit 0
